This file contains any messages produced by compilers while
running configure, to aid debugging if configure makes a mistake.

It was created by configure, which was
generated by GNU Autoconf 2.57.  Invocation command line was

  $ ./configure 

## --------- ##
## Platform. ##
## --------- ##

hostname = styx
uname -m = i586
uname -r = 2.4.21-99-default
uname -s = Linux
uname -v = #1 Wed Sep 24 13:30:51 UTC 2003

/usr/bin/uname -p = unknown
/bin/uname -X     = unknown

/bin/arch              = i586
/usr/bin/arch -k       = unknown
/usr/convex/getsysinfo = unknown
hostinfo               = unknown
/bin/machine           = unknown
/usr/bin/oslevel       = unknown
/bin/universe          = unknown

PATH: /sbin
PATH: /usr/sbin
PATH: /usr/local/sbin
PATH: /root/bin
PATH: /usr/local/bin
PATH: /usr/bin
PATH: /usr/X11R6/bin
PATH: /bin
PATH: /usr/games
PATH: /opt/gnome/bin
PATH: /opt/kde3/bin


## ----------- ##
## Core tests. ##
## ----------- ##

configure:1199: checking for xsltproc
configure:1217: found /usr/bin/xsltproc
configure:1229: result: /usr/bin/xsltproc
configure:1243: checking for pdflatex
configure:1261: found /usr/bin/pdflatex
configure:1273: result: /usr/bin/pdflatex
configure:1287: checking for makeindex
configure:1305: found /usr/bin/makeindex
configure:1317: result: /usr/bin/makeindex
configure:1362: checking for latex
configure:1380: found /usr/bin/latex
configure:1392: result: /usr/bin/latex
configure:1401: checking for dvips
configure:1419: found /usr/bin/dvips
configure:1431: result: /usr/bin/dvips
configure:1440: checking for pngtopnm
configure:1458: found /usr/bin/pngtopnm
configure:1470: result: /usr/bin/pngtopnm
configure:1479: checking for pnmtops
configure:1497: found /usr/bin/pnmtops
configure:1509: result: /usr/bin/pnmtops
configure:1518: checking for perl
configure:1536: found /usr/bin/perl
configure:1548: result: /usr/bin/perl
configure:1557: checking for xmlto
configure:1590: result: no
configure:1596: checking for epstopdf
configure:1614: found /usr/bin/epstopdf
configure:1626: result: /usr/bin/epstopdf
configure:1769: creating ./config.status

## ---------------------- ##
## Running config.status. ##
## ---------------------- ##

This file was extended by config.status, which was
generated by GNU Autoconf 2.57.  Invocation command line was

  CONFIG_FILES    = 
  CONFIG_HEADERS  = 
  CONFIG_LINKS    = 
  CONFIG_COMMANDS = 
  $ ./config.status 

on styx

config.status:606: creating Makefile

## ---------------- ##
## Cache variables. ##
## ---------------- ##

ac_cv_env_build_alias_set=
ac_cv_env_build_alias_value=
ac_cv_env_host_alias_set=
ac_cv_env_host_alias_value=
ac_cv_env_target_alias_set=
ac_cv_env_target_alias_value=
ac_cv_path_DVIPS=/usr/bin/dvips
ac_cv_path_EPSTOPDF=/usr/bin/epstopdf
ac_cv_path_LATEX=/usr/bin/latex
ac_cv_path_MAKEINDEX=/usr/bin/makeindex
ac_cv_path_PDFLATEX=/usr/bin/pdflatex
ac_cv_path_PERL=/usr/bin/perl
ac_cv_path_PNGTOPNM=/usr/bin/pngtopnm
ac_cv_path_PNMTOPS=/usr/bin/pnmtops
ac_cv_path_XSLTPROC=/usr/bin/xsltproc

## ----------------- ##
## Output variables. ##
## ----------------- ##

CROP='--stringparam docrop 0'
DEFS='-DPACKAGE_NAME=\"\" -DPACKAGE_TARNAME=\"\" -DPACKAGE_VERSION=\"\" -DPACKAGE_STRING=\"\" -DPACKAGE_BUGREPORT=\"\" '
DOC_BUILD_DATE='16-11-2003'
DUPLICATE_ULINKS=''
DVIPS='/usr/bin/dvips'
ECHO_C=''
ECHO_N='-n'
ECHO_T=''
EPSTOPDF='/usr/bin/epstopdf'
FONTSIZE='--stringparam fontsize 10.5'
LATEX='/usr/bin/latex'
LIBOBJS=''
LIBS=''
LTLIBOBJS=''
MAKEINDEX='/usr/bin/makeindex'
PACKAGE_BUGREPORT=''
PACKAGE_NAME=''
PACKAGE_STRING=''
PACKAGE_TARNAME=''
PACKAGE_VERSION=''
PAPERSIZE='--stringparam papersize a4paper'
PATH_SEPARATOR=':'
PDFLATEX='/usr/bin/pdflatex'
PERL='/usr/bin/perl'
PNGTOPNM='/usr/bin/pngtopnm'
PNMTOPS='/usr/bin/pnmtops'
SHELL='/bin/sh'
TEXSTYLESHEET='xslt/latex.xsl'
XMLTO=''
XSLTPROC='/usr/bin/xsltproc'
bindir='${exec_prefix}/bin'
build_alias=''
datadir='${prefix}/share'
exec_prefix='${prefix}'
host_alias=''
includedir='${prefix}/include'
infodir='${prefix}/info'
libdir='${exec_prefix}/lib'
libexecdir='${exec_prefix}/libexec'
localstatedir='${prefix}/var'
mandir='${prefix}/man'
oldincludedir='/usr/include'
prefix='/usr/local'
program_transform_name='s,x,x,'
sbindir='${exec_prefix}/sbin'
sharedstatedir='${prefix}/com'
sysconfdir='${prefix}/etc'
target_alias=''

## ----------- ##
## confdefs.h. ##
## ----------- ##

#define PACKAGE_BUGREPORT ""
#define PACKAGE_NAME ""
#define PACKAGE_STRING ""
#define PACKAGE_TARNAME ""
#define PACKAGE_VERSION ""

configure: exit 0
